#-----------------------------------------------------------
# Vivado v2020.1 (64-bit)
# SW Build 2902540 on Wed May 27 19:54:49 MDT 2020
# IP Build 2902112 on Wed May 27 22:43:36 MDT 2020
# Start of session at: Tue Dec 19 15:30:56 2023
# Process ID: 10632
# Current directory: C:/Code/Vivado/CPE233Labs
# Command line: vivado.exe -gui_launcher_event rodinguilauncherevent19296 C:\Code\Vivado\CPE233Labs\CPE233Labs.xpr
# Log file: C:/Code/Vivado/CPE233Labs/vivado.log
# Journal file: C:/Code/Vivado/CPE233Labs\vivado.jou
#-----------------------------------------------------------
start_gui
open_project C:/Code/Vivado/CPE233Labs/CPE233Labs.xpr
INFO: [Project 1-313] Project file moved from 'C:/Code Stuff/Vivado/CPE233Labs' since last save.
CRITICAL WARNING: [Project 1-19] Could not find the file 'C:/Users/Nathan Jaggers/Documents/College/Subjects/Engineering/CPE 233 - Computer Design and Assembly Language Programming/OTTER Resources/Test_All.mem'.
CRITICAL WARNING: [Project 1-311] Could not find the file 'C:/Code/RARS/Final Project/Minesweeper.mem', nor could it be found using path 'C:/Code Stuff/RARS/Final Project/Minesweeper.mem'.
CRITICAL WARNING: [Project 1-311] Could not find the file 'C:/Code/RARS/Final Project/RandomTest.mem', nor could it be found using path 'C:/Code Stuff/RARS/Final Project/RandomTest.mem'.
CRITICAL WARNING: [Project 1-19] Could not find the file 'C:/Users/Nathan Jaggers/Documents/College/Subjects/Engineering/CPE 233 - Computer Design and Assembly Language Programming/OTTER Resources/Basys3_constraints.xdc'.
Scanning sources...
Finished scanning sources
INFO: [IP_Flow 19-234] Refreshing IP repositories
INFO: [IP_Flow 19-1704] No user IP repositories specified
INFO: [IP_Flow 19-2313] Loaded Vivado IP repository 'C:/Xilinx/Vivado/2020.1/data/ip'.
open_project: Time (s): cpu = 00:00:44 ; elapsed = 00:00:40 . Memory (MB): peak = 1058.406 ; gain = 0.000
update_compile_order -fileset sources_1
exit
INFO: [Common 17-206] Exiting Vivado at Tue Dec 19 15:34:27 2023...
